<?xml version="1.0" encoding="UTF-8"?>
<testsuite name="com.usfbank.app.util.TestInputValidation" tests="3" skipped="0" failures="0" errors="0" timestamp="2021-05-03T16:51:58" hostname="MICHAEL-DESKTOP" time="0.025">
  <properties/>
  <testcase name="testIsValidPassword()" classname="com.usfbank.app.util.TestInputValidation" time="0.021"/>
  <testcase name="testIsValidAmount()" classname="com.usfbank.app.util.TestInputValidation" time="0.002"/>
  <testcase name="testIsValidUsername()" classname="com.usfbank.app.util.TestInputValidation" time="0.001"/>
  <system-out><![CDATA[]]></system-out>
  <system-err><![CDATA[]]></system-err>
</testsuite>
